<?xml version="1.0" encoding="UTF-8"?>
<coverage generated="1529545159832" clover="3.2.0">
  <project timestamp="1529545159832" name="All files">
    <metrics statements="25" coveredstatements="22" conditionals="10" coveredconditionals="5" methods="7" coveredmethods="5" elements="42" coveredelements="32" complexity="0" loc="25" ncloc="25" packages="2" files="2" classes="2">
      <package name="components.Hello">
        <metrics statements="18" coveredstatements="15" conditionals="10" coveredconditionals="5" methods="6" coveredmethods="4"/>
        <file name="index.tsx" path="C:\Users\John\Documents\GitHub\react-native-web-typescript\src\components\Hello\index.tsx">
          <metrics statements="18" coveredstatements="15" conditionals="10" coveredconditionals="5" methods="6" coveredmethods="4"/>
          <line num="1" count="2" type="stmt"/>
          <line num="2" count="2" type="stmt"/>
          <line num="5" count="2" type="stmt"/>
          <line num="32" count="2" type="stmt"/>
          <line num="34" count="2" type="cond" truecount="2" falsecount="0"/>
          <line num="35" count="2" type="cond" truecount="2" falsecount="2"/>
          <line num="36" count="0" type="stmt"/>
          <line num="38" count="2" type="stmt"/>
          <line num="43" count="2" type="stmt"/>
          <line num="44" count="0" type="stmt"/>
          <line num="46" count="2" type="stmt"/>
          <line num="47" count="0" type="stmt"/>
          <line num="52" count="2" type="stmt"/>
          <line num="53" count="2" type="stmt"/>
          <line num="55" count="2" type="stmt"/>
          <line num="56" count="2" type="stmt"/>
          <line num="84" count="2" type="stmt"/>
          <line num="86" count="2" type="stmt"/>
        </file>
      </package>
      <package name="containers.App">
        <metrics statements="7" coveredstatements="7" conditionals="0" coveredconditionals="0" methods="1" coveredmethods="1"/>
        <file name="index.tsx" path="C:\Users\John\Documents\GitHub\react-native-web-typescript\src\containers\App\index.tsx">
          <metrics statements="7" coveredstatements="7" conditionals="0" coveredconditionals="0" methods="1" coveredmethods="1"/>
          <line num="1" count="1" type="stmt"/>
          <line num="2" count="1" type="stmt"/>
          <line num="3" count="1" type="stmt"/>
          <line num="5" count="1" type="stmt"/>
          <line num="24" count="1" type="stmt"/>
          <line num="31" count="1" type="stmt"/>
          <line num="42" count="1" type="stmt"/>
        </file>
      </package>
    </metrics>
  </project>
</coverage>
