{"C:\\Users\\John\\Documents\\GitHub\\react-native-web-typescript\\src\\components\\Hello\\index.tsx": {"path":"C:\\Users\\John\\Documents\\GitHub\\react-native-web-typescript\\src\\components\\Hello\\index.tsx","statementMap":{"0":{"start":{"line":1,"column":0},"end":{"line":1,"column":30}},"1":{"start":{"line":2,"column":0},"end":{"line":2,"column":61}},"2":{"start":{"line":5,"column":15},"end":{"line":21,"column":2}},"3":{"start":{"line":32,"column":0},"end":{"line":32,"column":35}},"4":{"start":{"line":32,"column":20},"end":{"line":32,"column":51}},"5":{"start":{"line":34,"column":4},"end":{"line":34,"column":16}},"6":{"start":{"line":43,"column":9},"end":{"line":44,"column":71}},"7":{"start":{"line":44,"column":4},"end":{"line":44,"column":70}},"8":{"start":{"line":46,"column":9},"end":{"line":50,"column":7}},"9":{"start":{"line":47,"column":4},"end":{"line":50,"column":6}},"10":{"start":{"line":52,"column":9},"end":{"line":53,"column":34}},"11":{"start":{"line":53,"column":4},"end":{"line":53,"column":33}},"12":{"start":{"line":35,"column":4},"end":{"line":37,"column":5}},"13":{"start":{"line":36,"column":6},"end":{"line":36,"column":69}},"14":{"start":{"line":38,"column":4},"end":{"line":40,"column":6}},"15":{"start":{"line":55,"column":9},"end":{"line":83,"column":3}},"16":{"start":{"line":56,"column":4},"end":{"line":82,"column":6}},"17":{"start":{"line":84,"column":0},"end":{"line":84,"column":1}},"18":{"start":{"line":86,"column":0},"end":{"line":86,"column":21}}},"fnMap":{"0":{"name":"(anonymous_5)","decl":{"start":{"line":32,"column":0},"end":{"line":null,"column":-1}},"loc":{"start":{"line":32,"column":0},"end":{"line":32,"column":-1}}},"1":{"name":"Hello","decl":{"start":{"line":33,"column":2},"end":{"line":33,"column":13}},"loc":{"start":{"line":33,"column":27},"end":{"line":41,"column":3}}},"2":{"name":"(anonymous_7)","decl":{"start":{"line":43,"column":23},"end":{"line":null,"column":-1}},"loc":{"start":{"line":43,"column":23},"end":{"line":44,"column":70}}},"3":{"name":"(anonymous_8)","decl":{"start":{"line":46,"column":23},"end":{"line":null,"column":-1}},"loc":{"start":{"line":46,"column":23},"end":{"line":50,"column":6}}},"4":{"name":"(anonymous_9)","decl":{"start":{"line":52,"column":31},"end":{"line":52,"column":31}},"loc":{"start":{"line":52,"column":48},"end":{"line":53,"column":33}}},"5":{"name":"(anonymous_10)","decl":{"start":{"line":55,"column":2},"end":{"line":null,"column":-1}},"loc":{"start":{"line":55,"column":2},"end":{"line":83,"column":3}}}},"branchMap":{"0":{"loc":{"start":{"line":34,"column":4},"end":{"line":34,"column":16}},"type":"binary-expr","locations":[{"start":{"line":34,"column":4},"end":{"line":34,"column":16}},{"start":{"line":34,"column":16},"end":{"line":41,"column":2}}]},"1":{"loc":{"start":{"line":49,"column":45},"end":{"line":49,"column":75}},"type":"cond-expr","locations":[{"start":{"line":49,"column":45},"end":{"line":49,"column":75}},{"start":{"line":49,"column":78},"end":{"line":49,"column":79}}]},"2":{"loc":{"start":{"line":35,"column":4},"end":{"line":37,"column":5}},"type":"if","locations":[{"start":{"line":35,"column":4},"end":{"line":37,"column":5}},{"start":{"line":35,"column":4},"end":{"line":37,"column":5}}]},"3":{"loc":{"start":{"line":35,"column":9},"end":{"line":35,"column":30}},"type":"binary-expr","locations":[{"start":{"line":35,"column":9},"end":{"line":35,"column":30}},{"start":{"line":35,"column":34},"end":{"line":35,"column":35}}]},"4":{"loc":{"start":{"line":39,"column":23},"end":{"line":39,"column":44}},"type":"binary-expr","locations":[{"start":{"line":39,"column":23},"end":{"line":39,"column":44}},{"start":{"line":39,"column":48},"end":{"line":39,"column":49}}]}},"s":{"0":2,"1":2,"2":2,"3":2,"4":2,"5":2,"6":2,"7":0,"8":2,"9":0,"10":2,"11":2,"12":2,"13":0,"14":2,"15":2,"16":2,"17":2,"18":2},"f":{"0":2,"1":2,"2":0,"3":0,"4":2,"5":2},"b":{"0":[2,2],"1":[0,0],"2":[0,2],"3":[2,0],"4":[2,0]}}
,"C:\\Users\\John\\Documents\\GitHub\\react-native-web-typescript\\src\\containers\\App\\index.tsx": {"path":"C:\\Users\\John\\Documents\\GitHub\\react-native-web-typescript\\src\\containers\\App\\index.tsx","statementMap":{"0":{"start":{"line":1,"column":0},"end":{"line":1,"column":30}},"1":{"start":{"line":2,"column":0},"end":{"line":2,"column":63}},"2":{"start":{"line":3,"column":0},"end":{"line":3,"column":42}},"3":{"start":{"line":5,"column":15},"end":{"line":22,"column":2}},"4":{"start":{"line":24,"column":21},"end":{"line":29,"column":2}},"5":{"start":{"line":31,"column":12},"end":{"line":40,"column":1}},"6":{"start":{"line":31,"column":18},"end":{"line":40,"column":1}},"7":{"start":{"line":42,"column":0},"end":{"line":42,"column":19}}},"fnMap":{"0":{"name":"(anonymous_0)","decl":{"start":{"line":31,"column":12},"end":{"line":31,"column":17}},"loc":{"start":{"line":31,"column":12},"end":{"line":40,"column":1}}}},"branchMap":{},"s":{"0":1,"1":1,"2":1,"3":1,"4":1,"5":1,"6":1,"7":1},"f":{"0":1},"b":{}}
}
