TN:
SF:C:\Users\John\Documents\GitHub\react-native-web-typescript\src\components\Hello\index.tsx
FN:32,(anonymous_5)
FN:33,Hello
FN:43,(anonymous_7)
FN:46,(anonymous_8)
FN:52,(anonymous_9)
FN:55,(anonymous_10)
FNF:6
FNH:4
FNDA:2,(anonymous_5)
FNDA:2,Hello
FNDA:0,(anonymous_7)
FNDA:0,(anonymous_8)
FNDA:2,(anonymous_9)
FNDA:2,(anonymous_10)
DA:1,2
DA:2,2
DA:5,2
DA:32,2
DA:34,2
DA:35,2
DA:36,0
DA:38,2
DA:43,2
DA:44,0
DA:46,2
DA:47,0
DA:52,2
DA:53,2
DA:55,2
DA:56,2
DA:84,2
DA:86,2
LF:18
LH:15
BRDA:34,0,0,2
BRDA:34,0,1,2
BRDA:49,1,0,0
BRDA:49,1,1,0
BRDA:35,2,0,0
BRDA:35,2,1,2
BRDA:35,3,0,2
BRDA:35,3,1,0
BRDA:39,4,0,2
BRDA:39,4,1,0
BRF:10
BRH:5
end_of_record
TN:
SF:C:\Users\John\Documents\GitHub\react-native-web-typescript\src\containers\App\index.tsx
FN:31,(anonymous_0)
FNF:1
FNH:1
FNDA:1,(anonymous_0)
DA:1,1
DA:2,1
DA:3,1
DA:5,1
DA:24,1
DA:31,1
DA:42,1
LF:7
LH:7
BRF:0
BRH:0
end_of_record
